Detecting C compiler ABI info failed to compile with the following output:
Change Dir: /cygdrive/e/projects/code_in_embeded_tdd_c/initial_setUP/cmake-build-debug/CMakeFiles/CMakeTmp

Run Build Command:"C:/cygwin64/bin/gccmakedep" "cmTC_c4b61/fast"
gcc: error: cmTC_c4b61/fast: No such file or directory
gcc: fatal error: no input files
compilation terminated.

Cannot copy output executable
  ''
to destination specified by COPY_FILE:
  '/cygdrive/e/projects/code_in_embeded_tdd_c/initial_setUP/cmake-build-debug/CMakeFiles/3.10.2/CMakeDetermineCompilerABI_C.bin'
Unable to find the executable at any of:
  /cygdrive/e/projects/code_in_embeded_tdd_c/initial_setUP/cmake-build-debug/CMakeFiles/CMakeTmp/cmTC_c4b61.exe
  /cygdrive/e/projects/code_in_embeded_tdd_c/initial_setUP/cmake-build-debug/CMakeFiles/CMakeTmp/Debug/cmTC_c4b61.exe
  /cygdrive/e/projects/code_in_embeded_tdd_c/initial_setUP/cmake-build-debug/CMakeFiles/CMakeTmp/Development/cmTC_c4b61.exe


Detecting C [-std=c11] compiler features failed to compile with the following output:
Change Dir: /cygdrive/e/projects/code_in_embeded_tdd_c/initial_setUP/cmake-build-debug/CMakeFiles/CMakeTmp

Run Build Command:"C:/cygwin64/bin/gccmakedep" "cmTC_0e232/fast"
gcc: error: cmTC_0e232/fast: No such file or directory
gcc: fatal error: no input files
compilation terminated.

Cannot copy output executable
  ''
to destination specified by COPY_FILE:
  '/cygdrive/e/projects/code_in_embeded_tdd_c/initial_setUP/cmake-build-debug/CMakeFiles/feature_tests.bin'
Unable to find the executable at any of:
  /cygdrive/e/projects/code_in_embeded_tdd_c/initial_setUP/cmake-build-debug/CMakeFiles/CMakeTmp/cmTC_0e232.exe
  /cygdrive/e/projects/code_in_embeded_tdd_c/initial_setUP/cmake-build-debug/CMakeFiles/CMakeTmp/Debug/cmTC_0e232.exe
  /cygdrive/e/projects/code_in_embeded_tdd_c/initial_setUP/cmake-build-debug/CMakeFiles/CMakeTmp/Development/cmTC_0e232.exe


