This file contains any messages produced by compilers while
running configure, to aid debugging if configure makes a mistake.

It was created by CppUTest configure 3.8, which was
generated by GNU Autoconf 2.69.  Invocation command line was

  $ ../configure 

## --------- ##
## Platform. ##
## --------- ##

hostname = DESKTOP-VQOSRN0
uname -m = x86_64
uname -r = 2.10.0(0.325/5/3)
uname -s = CYGWIN_NT-10.0
uname -v = 2018-02-02 15:16

/usr/bin/uname -p = unknown
/bin/uname -X     = unknown

/bin/arch              = x86_64
/usr/bin/arch -k       = unknown
/usr/convex/getsysinfo = unknown
/usr/bin/hostinfo      = unknown
/bin/machine           = unknown
/usr/bin/oslevel       = unknown
/bin/universe          = unknown

PATH: /usr/local/bin
PATH: /usr/bin
PATH: /cygdrive/c/WINDOWS/system32
PATH: /cygdrive/c/WINDOWS
PATH: /cygdrive/c/WINDOWS/System32/Wbem
PATH: /cygdrive/c/WINDOWS/System32/WindowsPowerShell/v1.0
PATH: /cygdrive/c/Program Files (x86)/GitExtensions
PATH: /cygdrive/c/Program Files (x86)/MySQL/MySQL Server 5.5/bin
PATH: /cygdrive/c/Program Files/nodejs
PATH: /cygdrive/c/Program Files/PuTTY
PATH: /cygdrive/c/Program Files/Git/cmd
PATH: /cygdrive/c/Program Files/Java/jdk1.7.0_79/bin
PATH: /cygdrive/c/Program Files/MATLAB/R2017b/bin
PATH: /cygdrive/e/projects/jacorb-3.9/bin
PATH: /cygdrive/c/Users/USER/AppData/Local/Microsoft/WindowsApps
PATH: /cygdrive/c/Users/USER/AppData/Roaming/npm
PATH: /usr/bin
PATH: /cygdrive/c/Program Files/Microsoft VS Code/bin
PATH: /usr/lib/lapack


## ----------- ##
## Core tests. ##
## ----------- ##

configure:2631: checking for a BSD-compatible install
configure:2699: result: /usr/bin/install -c
configure:2710: checking whether build environment is sane
configure:2765: result: yes
configure:2916: checking for a thread-safe mkdir -p
configure:2955: result: /usr/bin/mkdir -p
configure:2962: checking for gawk
configure:2978: found /usr/bin/gawk
configure:2989: result: gawk
configure:3000: checking whether make sets $(MAKE)
configure:3022: result: yes
configure:3051: checking whether make supports nested variables
configure:3068: result: yes
configure:3236: checking build system type
configure:3250: result: x86_64-unknown-cygwin
configure:3270: checking host system type
configure:3283: result: x86_64-unknown-cygwin
configure:3324: checking how to print strings
configure:3351: result: printf
configure:3384: checking for style of include used by make
configure:3412: result: GNU
configure:3483: checking for gcc
configure:3499: found /usr/bin/gcc
configure:3510: result: gcc
configure:3739: checking for C compiler version
configure:3748: gcc --version >&5
gcc (GCC) 6.4.0
Copyright (C) 2017 Free Software Foundation, Inc.
This is free software; see the source for copying conditions.  There is NO
warranty; not even for MERCHANTABILITY or FITNESS FOR A PARTICULAR PURPOSE.

configure:3759: $? = 0
configure:3748: gcc -v >&5
Using built-in specs.
COLLECT_GCC=gcc
COLLECT_LTO_WRAPPER=/usr/lib/gcc/x86_64-pc-cygwin/6.4.0/lto-wrapper.exe
Target: x86_64-pc-cygwin
Configured with: /cygdrive/i/szsz/tmpp/gcc/gcc-6.4.0-5.x86_64/src/gcc-6.4.0/configure --srcdir=/cygdrive/i/szsz/tmpp/gcc/gcc-6.4.0-5.x86_64/src/gcc-6.4.0 --prefix=/usr --exec-prefix=/usr --localstatedir=/var --sysconfdir=/etc --docdir=/usr/share/doc/gcc --htmldir=/usr/share/doc/gcc/html -C --build=x86_64-pc-cygwin --host=x86_64-pc-cygwin --target=x86_64-pc-cygwin --without-libiconv-prefix --without-libintl-prefix --libexecdir=/usr/lib --enable-shared --enable-shared-libgcc --enable-static --enable-version-specific-runtime-libs --enable-bootstrap --enable-__cxa_atexit --with-dwarf2 --with-tune=generic --enable-languages=ada,c,c++,fortran,lto,objc,obj-c++ --enable-graphite --enable-threads=posix --enable-libatomic --enable-libcilkrts --enable-libgomp --enable-libitm --enable-libquadmath --enable-libquadmath-support --disable-libssp --enable-libada --disable-symvers --with-gnu-ld --with-gnu-as --with-cloog-include=/usr/include/cloog-isl --without-libiconv-prefix --without-libintl-prefix --with-system-zlib --enable-linker-build-id --with-default-libstdcxx-abi=gcc4-compatible
Thread model: posix
gcc version 6.4.0 (GCC) 
configure:3759: $? = 0
configure:3748: gcc -V >&5
gcc: error: unrecognized command line option '-V'
gcc: fatal error: no input files
compilation terminated.
configure:3759: $? = 1
configure:3748: gcc -qversion >&5
gcc: error: unrecognized command line option '-qversion'; did you mean '--version'?
gcc: fatal error: no input files
compilation terminated.
configure:3759: $? = 1
configure:3779: checking whether the C compiler works
configure:3801: gcc    conftest.c  >&5
configure:3805: $? = 0
configure:3853: result: yes
configure:3856: checking for C compiler default output file name
configure:3858: result: a.exe
configure:3864: checking for suffix of executables
configure:3871: gcc -o conftest.exe    conftest.c  >&5
configure:3875: $? = 0
configure:3897: result: .exe
configure:3919: checking whether we are cross compiling
configure:3927: gcc -o conftest.exe    conftest.c  >&5
configure:3931: $? = 0
configure:3938: ./conftest.exe
configure:3942: $? = 0
configure:3957: result: no
configure:3962: checking for suffix of object files
configure:3984: gcc -c   conftest.c >&5
configure:3988: $? = 0
configure:4009: result: o
configure:4013: checking whether we are using the GNU C compiler
configure:4032: gcc -c   conftest.c >&5
configure:4032: $? = 0
configure:4041: result: yes
configure:4050: checking whether gcc accepts -g
configure:4070: gcc -c -g  conftest.c >&5
configure:4070: $? = 0
configure:4111: result: yes
configure:4128: checking for gcc option to accept ISO C89
configure:4191: gcc  -c -g -O2  conftest.c >&5
configure:4191: $? = 0
configure:4204: result: none needed
configure:4229: checking whether gcc understands -c and -o together
configure:4251: gcc -c conftest.c -o conftest2.o
configure:4254: $? = 0
configure:4251: gcc -c conftest.c -o conftest2.o
configure:4254: $? = 0
configure:4266: result: yes
configure:4285: checking dependency style of gcc
configure:4396: result: gcc3
configure:4411: checking for a sed that does not truncate output
configure:4475: result: /usr/bin/sed
configure:4493: checking for grep that handles long lines and -e
configure:4551: result: /usr/bin/grep
configure:4556: checking for egrep
configure:4618: result: /usr/bin/grep -E
configure:4623: checking for fgrep
configure:4685: result: /usr/bin/grep -F
configure:4720: checking for ld used by gcc
configure:4787: result: /usr/x86_64-pc-cygwin/bin/ld.exe
configure:4794: checking if the linker (/usr/x86_64-pc-cygwin/bin/ld.exe) is GNU ld
configure:4809: result: yes
configure:4821: checking for BSD- or MS-compatible name lister (nm)
configure:4875: result: /usr/bin/nm -B
configure:5005: checking the name lister (/usr/bin/nm -B) interface
configure:5012: gcc -c -g -O2  conftest.c >&5
configure:5015: /usr/bin/nm -B "conftest.o"
configure:5018: output
0000000000000000 b .bss
0000000000000000 d .data
0000000000000000 N .debug_abbrev
0000000000000000 N .debug_aranges
0000000000000000 N .debug_info
0000000000000000 N .debug_line
0000000000000000 r .rdata$zzz
0000000000000000 t .text
0000000000000000 B some_variable
configure:5025: result: BSD nm
configure:5028: checking whether ln -s works
configure:5032: result: yes
configure:5040: checking the maximum length of command line arguments
configure:5171: result: 8192
configure:5219: checking how to convert x86_64-unknown-cygwin file names to x86_64-unknown-cygwin format
configure:5259: result: func_convert_file_noop
configure:5266: checking how to convert x86_64-unknown-cygwin file names to toolchain format
configure:5286: result: func_convert_file_noop
configure:5293: checking for /usr/x86_64-pc-cygwin/bin/ld.exe option to reload object files
configure:5300: result: -r
configure:5374: checking for objdump
configure:5390: found /usr/bin/objdump
configure:5401: result: objdump
configure:5433: checking how to recognize dependent libraries
configure:5633: result: file_magic ^x86 archive import|^x86 DLL
configure:5718: checking for dlltool
configure:5734: found /usr/bin/dlltool
configure:5745: result: dlltool
configure:5778: checking how to associate runtime and link libraries
configure:5805: result: func_cygming_dll_for_implib
configure:5866: checking for ar
configure:5882: found /usr/bin/ar
configure:5893: result: ar
configure:5930: checking for archiver @FILE support
configure:5947: gcc -c -g -O2  conftest.c >&5
configure:5947: $? = 0
configure:5950: ar cru libconftest.a @conftest.lst >&5
configure:5953: $? = 0
configure:5958: ar cru libconftest.a @conftest.lst >&5
ar: conftest.o: No such file or directory
configure:5961: $? = 1
configure:5973: result: @
configure:6031: checking for strip
configure:6047: found /usr/bin/strip
configure:6058: result: strip
configure:6130: checking for ranlib
configure:6146: found /usr/bin/ranlib
configure:6157: result: ranlib
configure:6259: checking command to parse /usr/bin/nm -B output from gcc object
configure:6412: gcc -c -g -O2  conftest.c >&5
configure:6415: $? = 0
configure:6419: /usr/bin/nm -B conftest.o \| sed -n -e 's/^.*[ ]\([ABCDGIRSTW][ABCDGIRSTW]*\)[ ][ ]*\([_A-Za-z][_A-Za-z0-9]*\)$/\1 \2 \2/p' | sed '/ __gnu_lto/d' \> conftest.nm
configure:6422: $? = 0
configure:6488: gcc -o conftest.exe -g -O2   conftest.c conftstm.o >&5
configure:6491: $? = 0
configure:6529: result: ok
configure:6576: checking for sysroot
configure:6606: result: no
configure:6613: checking for a working dd
configure:6651: result: /usr/bin/dd
configure:6655: checking how to truncate binary pipes
configure:6670: result: /usr/bin/dd bs=4096 count=1
configure:6999: checking for mt
configure:7029: result: no
configure:7049: checking if : is a manifest tool
configure:7055: : '-?'
configure:7063: result: no
configure:7740: checking how to run the C preprocessor
configure:7771: gcc -E  conftest.c
configure:7771: $? = 0
configure:7785: gcc -E  conftest.c
conftest.c:11:28: fatal error: ac_nonexistent.h: No such file or directory
 #include <ac_nonexistent.h>
                            ^
compilation terminated.
configure:7785: $? = 1
configure: failed program was:
| /* confdefs.h */
| #define PACKAGE_NAME "CppUTest"
| #define PACKAGE_TARNAME "cpputest"
| #define PACKAGE_VERSION "3.8"
| #define PACKAGE_STRING "CppUTest 3.8"
| #define PACKAGE_BUGREPORT "https://github.com/cpputest/cpputest"
| #define PACKAGE_URL ""
| #define PACKAGE "cpputest"
| #define VERSION "3.8"
| /* end confdefs.h.  */
| #include <ac_nonexistent.h>
configure:7810: result: gcc -E
configure:7830: gcc -E  conftest.c
configure:7830: $? = 0
configure:7844: gcc -E  conftest.c
conftest.c:11:28: fatal error: ac_nonexistent.h: No such file or directory
 #include <ac_nonexistent.h>
                            ^
compilation terminated.
configure:7844: $? = 1
configure: failed program was:
| /* confdefs.h */
| #define PACKAGE_NAME "CppUTest"
| #define PACKAGE_TARNAME "cpputest"
| #define PACKAGE_VERSION "3.8"
| #define PACKAGE_STRING "CppUTest 3.8"
| #define PACKAGE_BUGREPORT "https://github.com/cpputest/cpputest"
| #define PACKAGE_URL ""
| #define PACKAGE "cpputest"
| #define VERSION "3.8"
| /* end confdefs.h.  */
| #include <ac_nonexistent.h>
configure:7873: checking for ANSI C header files
configure:7893: gcc -c -g -O2  conftest.c >&5
configure:7893: $? = 0
configure:7966: gcc -o conftest.exe -g -O2   conftest.c  >&5
configure:7966: $? = 0
configure:7966: ./conftest.exe
configure:7966: $? = 0
configure:7977: result: yes
configure:7990: checking for sys/types.h
configure:7990: gcc -c -g -O2  conftest.c >&5
configure:7990: $? = 0
configure:7990: result: yes
configure:7990: checking for sys/stat.h
configure:7990: gcc -c -g -O2  conftest.c >&5
configure:7990: $? = 0
configure:7990: result: yes
configure:7990: checking for stdlib.h
configure:7990: gcc -c -g -O2  conftest.c >&5
configure:7990: $? = 0
configure:7990: result: yes
configure:7990: checking for string.h
configure:7990: gcc -c -g -O2  conftest.c >&5
configure:7990: $? = 0
configure:7990: result: yes
configure:7990: checking for memory.h
configure:7990: gcc -c -g -O2  conftest.c >&5
configure:7990: $? = 0
configure:7990: result: yes
configure:7990: checking for strings.h
configure:7990: gcc -c -g -O2  conftest.c >&5
configure:7990: $? = 0
configure:7990: result: yes
configure:7990: checking for inttypes.h
configure:7990: gcc -c -g -O2  conftest.c >&5
configure:7990: $? = 0
configure:7990: result: yes
configure:7990: checking for stdint.h
configure:7990: gcc -c -g -O2  conftest.c >&5
configure:7990: $? = 0
configure:7990: result: yes
configure:7990: checking for unistd.h
configure:7990: gcc -c -g -O2  conftest.c >&5
configure:7990: $? = 0
configure:7990: result: yes
configure:8004: checking for dlfcn.h
configure:8004: gcc -c -g -O2  conftest.c >&5
configure:8004: $? = 0
configure:8004: result: yes
configure:8258: checking for objdir
configure:8273: result: .libs
configure:8537: checking if gcc supports -fno-rtti -fno-exceptions
configure:8555: gcc -c -g -O2  -fno-rtti -fno-exceptions conftest.c >&5
cc1: warning: command line option '-fno-rtti' is valid for C++/ObjC++ but not for C
configure:8559: $? = 0
configure:8572: result: no
configure:8930: checking for gcc option to produce PIC
configure:8937: result: -DDLL_EXPORT -DPIC
configure:8945: checking if gcc PIC flag -DDLL_EXPORT -DPIC works
configure:8963: gcc -c -g -O2  -DDLL_EXPORT -DPIC -DPIC conftest.c >&5
configure:8967: $? = 0
configure:8980: result: yes
configure:9009: checking if gcc static flag -static works
configure:9037: result: yes
configure:9052: checking if gcc supports -c -o file.o
configure:9073: gcc -c -g -O2  -o out/conftest2.o conftest.c >&5
configure:9077: $? = 0
configure:9099: result: yes
configure:9107: checking if gcc supports -c -o file.o
configure:9154: result: yes
configure:9187: checking whether the gcc linker (/usr/x86_64-pc-cygwin/bin/ld.exe) supports shared libraries
configure:10446: result: yes
configure:10483: checking whether -lc should be explicitly linked in
configure:10491: gcc -c -g -O2  conftest.c >&5
configure:10494: $? = 0
configure:10509: gcc -shared conftest.o  -v -o ./conftest -Wl,--enable-auto-image-base -Xlinker --out-implib -Xlinker conftest 2\>\&1 \| /usr/bin/grep  -lc  \>/dev/null 2\>\&1
configure:10512: $? = 1
configure:10526: result: yes
configure:10686: checking dynamic linker characteristics
configure:11504: result: Win32 ld.exe
configure:11626: checking how to hardcode library paths into programs
configure:11651: result: immediate
configure:11953: checking whether a program can dlopen itself
configure:12033: gcc -o conftest.exe -g -O2  -DHAVE_DLFCN_H  -Wl,--export-all-symbols conftest.c   >&5
configure:12036: $? = 0
configure:12054: result: yes
configure:12059: checking whether a statically linked program can dlopen itself
configure:12139: gcc -o conftest.exe -g -O2  -DHAVE_DLFCN_H  -Wl,--export-all-symbols -static conftest.c   >&5
configure:12142: $? = 0
configure:12160: result: yes
configure:12199: checking whether stripping libraries is possible
configure:12204: result: yes
configure:12239: checking if libtool supports shared libraries
configure:12241: result: yes
configure:12244: checking whether to build shared libraries
configure:12269: result: yes
configure:12272: checking whether to build static libraries
configure:12276: result: yes
configure:12376: checking for gcc
configure:12403: result: gcc
configure:12632: checking for C compiler version
configure:12641: gcc --version >&5
gcc (GCC) 6.4.0
Copyright (C) 2017 Free Software Foundation, Inc.
This is free software; see the source for copying conditions.  There is NO
warranty; not even for MERCHANTABILITY or FITNESS FOR A PARTICULAR PURPOSE.

configure:12652: $? = 0
configure:12641: gcc -v >&5
Using built-in specs.
COLLECT_GCC=gcc
COLLECT_LTO_WRAPPER=/usr/lib/gcc/x86_64-pc-cygwin/6.4.0/lto-wrapper.exe
Target: x86_64-pc-cygwin
Configured with: /cygdrive/i/szsz/tmpp/gcc/gcc-6.4.0-5.x86_64/src/gcc-6.4.0/configure --srcdir=/cygdrive/i/szsz/tmpp/gcc/gcc-6.4.0-5.x86_64/src/gcc-6.4.0 --prefix=/usr --exec-prefix=/usr --localstatedir=/var --sysconfdir=/etc --docdir=/usr/share/doc/gcc --htmldir=/usr/share/doc/gcc/html -C --build=x86_64-pc-cygwin --host=x86_64-pc-cygwin --target=x86_64-pc-cygwin --without-libiconv-prefix --without-libintl-prefix --libexecdir=/usr/lib --enable-shared --enable-shared-libgcc --enable-static --enable-version-specific-runtime-libs --enable-bootstrap --enable-__cxa_atexit --with-dwarf2 --with-tune=generic --enable-languages=ada,c,c++,fortran,lto,objc,obj-c++ --enable-graphite --enable-threads=posix --enable-libatomic --enable-libcilkrts --enable-libgomp --enable-libitm --enable-libquadmath --enable-libquadmath-support --disable-libssp --enable-libada --disable-symvers --with-gnu-ld --with-gnu-as --with-cloog-include=/usr/include/cloog-isl --without-libiconv-prefix --without-libintl-prefix --with-system-zlib --enable-linker-build-id --with-default-libstdcxx-abi=gcc4-compatible
Thread model: posix
gcc version 6.4.0 (GCC) 
configure:12652: $? = 0
configure:12641: gcc -V >&5
gcc: error: unrecognized command line option '-V'
gcc: fatal error: no input files
compilation terminated.
configure:12652: $? = 1
configure:12641: gcc -qversion >&5
gcc: error: unrecognized command line option '-qversion'; did you mean '--version'?
gcc: fatal error: no input files
compilation terminated.
configure:12652: $? = 1
configure:12656: checking whether we are using the GNU C compiler
configure:12684: result: yes
configure:12693: checking whether gcc accepts -g
configure:12754: result: yes
configure:12771: checking for gcc option to accept ISO C89
configure:12847: result: none needed
configure:12872: checking whether gcc understands -c and -o together
configure:12909: result: yes
configure:12928: checking dependency style of gcc
configure:13039: result: gcc3
configure:13059: checking how to run the C preprocessor
configure:13129: result: gcc -E
configure:13149: gcc -E  conftest.c
configure:13149: $? = 0
configure:13163: gcc -E  conftest.c
conftest.c:23:28: fatal error: ac_nonexistent.h: No such file or directory
 #include <ac_nonexistent.h>
                            ^
compilation terminated.
configure:13163: $? = 1
configure: failed program was:
| /* confdefs.h */
| #define PACKAGE_NAME "CppUTest"
| #define PACKAGE_TARNAME "cpputest"
| #define PACKAGE_VERSION "3.8"
| #define PACKAGE_STRING "CppUTest 3.8"
| #define PACKAGE_BUGREPORT "https://github.com/cpputest/cpputest"
| #define PACKAGE_URL ""
| #define PACKAGE "cpputest"
| #define VERSION "3.8"
| #define STDC_HEADERS 1
| #define HAVE_SYS_TYPES_H 1
| #define HAVE_SYS_STAT_H 1
| #define HAVE_STDLIB_H 1
| #define HAVE_STRING_H 1
| #define HAVE_MEMORY_H 1
| #define HAVE_STRINGS_H 1
| #define HAVE_INTTYPES_H 1
| #define HAVE_STDINT_H 1
| #define HAVE_UNISTD_H 1
| #define HAVE_DLFCN_H 1
| #define LT_OBJDIR ".libs/"
| /* end confdefs.h.  */
| #include <ac_nonexistent.h>
configure:13249: checking for g++
configure:13265: found /usr/bin/g++
configure:13276: result: g++
configure:13303: checking for C++ compiler version
configure:13312: g++ --version >&5
g++ (GCC) 6.4.0
Copyright (C) 2017 Free Software Foundation, Inc.
This is free software; see the source for copying conditions.  There is NO
warranty; not even for MERCHANTABILITY or FITNESS FOR A PARTICULAR PURPOSE.

configure:13323: $? = 0
configure:13312: g++ -v >&5
Using built-in specs.
COLLECT_GCC=g++
COLLECT_LTO_WRAPPER=/usr/lib/gcc/x86_64-pc-cygwin/6.4.0/lto-wrapper.exe
Target: x86_64-pc-cygwin
Configured with: /cygdrive/i/szsz/tmpp/gcc/gcc-6.4.0-5.x86_64/src/gcc-6.4.0/configure --srcdir=/cygdrive/i/szsz/tmpp/gcc/gcc-6.4.0-5.x86_64/src/gcc-6.4.0 --prefix=/usr --exec-prefix=/usr --localstatedir=/var --sysconfdir=/etc --docdir=/usr/share/doc/gcc --htmldir=/usr/share/doc/gcc/html -C --build=x86_64-pc-cygwin --host=x86_64-pc-cygwin --target=x86_64-pc-cygwin --without-libiconv-prefix --without-libintl-prefix --libexecdir=/usr/lib --enable-shared --enable-shared-libgcc --enable-static --enable-version-specific-runtime-libs --enable-bootstrap --enable-__cxa_atexit --with-dwarf2 --with-tune=generic --enable-languages=ada,c,c++,fortran,lto,objc,obj-c++ --enable-graphite --enable-threads=posix --enable-libatomic --enable-libcilkrts --enable-libgomp --enable-libitm --enable-libquadmath --enable-libquadmath-support --disable-libssp --enable-libada --disable-symvers --with-gnu-ld --with-gnu-as --with-cloog-include=/usr/include/cloog-isl --without-libiconv-prefix --without-libintl-prefix --with-system-zlib --enable-linker-build-id --with-default-libstdcxx-abi=gcc4-compatible
Thread model: posix
gcc version 6.4.0 (GCC) 
configure:13323: $? = 0
configure:13312: g++ -V >&5
g++: error: unrecognized command line option '-V'
g++: fatal error: no input files
compilation terminated.
configure:13323: $? = 1
configure:13312: g++ -qversion >&5
g++: error: unrecognized command line option '-qversion'; did you mean '--version'?
g++: fatal error: no input files
compilation terminated.
configure:13323: $? = 1
configure:13327: checking whether we are using the GNU C++ compiler
configure:13346: g++ -c   conftest.cpp >&5
configure:13346: $? = 0
configure:13355: result: yes
configure:13364: checking whether g++ accepts -g
configure:13384: g++ -c -g  conftest.cpp >&5
configure:13384: $? = 0
configure:13425: result: yes
configure:13450: checking dependency style of g++
configure:13561: result: gcc3
configure:13594: checking how to run the C++ preprocessor
configure:13621: g++ -E  conftest.cpp
configure:13621: $? = 0
configure:13635: g++ -E  conftest.cpp
conftest.cpp:23:28: fatal error: ac_nonexistent.h: No such file or directory
 #include <ac_nonexistent.h>
                            ^
compilation terminated.
configure:13635: $? = 1
configure: failed program was:
| /* confdefs.h */
| #define PACKAGE_NAME "CppUTest"
| #define PACKAGE_TARNAME "cpputest"
| #define PACKAGE_VERSION "3.8"
| #define PACKAGE_STRING "CppUTest 3.8"
| #define PACKAGE_BUGREPORT "https://github.com/cpputest/cpputest"
| #define PACKAGE_URL ""
| #define PACKAGE "cpputest"
| #define VERSION "3.8"
| #define STDC_HEADERS 1
| #define HAVE_SYS_TYPES_H 1
| #define HAVE_SYS_STAT_H 1
| #define HAVE_STDLIB_H 1
| #define HAVE_STRING_H 1
| #define HAVE_MEMORY_H 1
| #define HAVE_STRINGS_H 1
| #define HAVE_INTTYPES_H 1
| #define HAVE_STDINT_H 1
| #define HAVE_UNISTD_H 1
| #define HAVE_DLFCN_H 1
| #define LT_OBJDIR ".libs/"
| /* end confdefs.h.  */
| #include <ac_nonexistent.h>
configure:13660: result: g++ -E
configure:13680: g++ -E  conftest.cpp
configure:13680: $? = 0
configure:13694: g++ -E  conftest.cpp
conftest.cpp:23:28: fatal error: ac_nonexistent.h: No such file or directory
 #include <ac_nonexistent.h>
                            ^
compilation terminated.
configure:13694: $? = 1
configure: failed program was:
| /* confdefs.h */
| #define PACKAGE_NAME "CppUTest"
| #define PACKAGE_TARNAME "cpputest"
| #define PACKAGE_VERSION "3.8"
| #define PACKAGE_STRING "CppUTest 3.8"
| #define PACKAGE_BUGREPORT "https://github.com/cpputest/cpputest"
| #define PACKAGE_URL ""
| #define PACKAGE "cpputest"
| #define VERSION "3.8"
| #define STDC_HEADERS 1
| #define HAVE_SYS_TYPES_H 1
| #define HAVE_SYS_STAT_H 1
| #define HAVE_STDLIB_H 1
| #define HAVE_STRING_H 1
| #define HAVE_MEMORY_H 1
| #define HAVE_STRINGS_H 1
| #define HAVE_INTTYPES_H 1
| #define HAVE_STDINT_H 1
| #define HAVE_UNISTD_H 1
| #define HAVE_DLFCN_H 1
| #define LT_OBJDIR ".libs/"
| /* end confdefs.h.  */
| #include <ac_nonexistent.h>
configure:13856: checking for ld used by g++
configure:13923: result: /usr/x86_64-pc-cygwin/bin/ld.exe
configure:13930: checking if the linker (/usr/x86_64-pc-cygwin/bin/ld.exe) is GNU ld
configure:13945: result: yes
configure:14000: checking whether the g++ linker (/usr/x86_64-pc-cygwin/bin/ld.exe) supports shared libraries
configure:15073: result: yes
configure:15109: g++ -c -g -O2  conftest.cpp >&5
configure:15112: $? = 0
configure:15593: checking for g++ option to produce PIC
configure:15600: result: -DDLL_EXPORT -DPIC
configure:15608: checking if g++ PIC flag -DDLL_EXPORT -DPIC works
configure:15626: g++ -c -g -O2  -DDLL_EXPORT -DPIC -DPIC conftest.cpp >&5
configure:15630: $? = 0
configure:15643: result: yes
configure:15666: checking if g++ static flag -static works
configure:15694: result: yes
configure:15706: checking if g++ supports -c -o file.o
configure:15727: g++ -c -g -O2  -o out/conftest2.o conftest.cpp >&5
configure:15731: $? = 0
configure:15753: result: yes
configure:15758: checking if g++ supports -c -o file.o
configure:15805: result: yes
configure:15835: checking whether the g++ linker (/usr/x86_64-pc-cygwin/bin/ld.exe) supports shared libraries
configure:15875: result: yes
configure:16016: checking dynamic linker characteristics
configure:16761: result: Win32 ld.exe
configure:16826: checking how to hardcode library paths into programs
configure:16851: result: immediate
configure:16891: checking whether ln -s works
configure:16895: result: yes
configure:16902: checking whether make sets $(MAKE)
configure:16924: result: yes
configure:16945: checking whether make supports nested variables
configure:16962: result: yes
configure:17139: checking for the pthreads library -lpthreads
configure:17172: gcc -o conftest.exe -g -O2    conftest.c -lpthreads  >&5
/usr/lib/gcc/x86_64-pc-cygwin/6.4.0/../../../../x86_64-pc-cygwin/bin/ld: cannot find -lpthreads
collect2: error: ld returned 1 exit status
configure:17172: $? = 1
configure: failed program was:
| /* confdefs.h */
| #define PACKAGE_NAME "CppUTest"
| #define PACKAGE_TARNAME "cpputest"
| #define PACKAGE_VERSION "3.8"
| #define PACKAGE_STRING "CppUTest 3.8"
| #define PACKAGE_BUGREPORT "https://github.com/cpputest/cpputest"
| #define PACKAGE_URL ""
| #define PACKAGE "cpputest"
| #define VERSION "3.8"
| #define STDC_HEADERS 1
| #define HAVE_SYS_TYPES_H 1
| #define HAVE_SYS_STAT_H 1
| #define HAVE_STDLIB_H 1
| #define HAVE_STRING_H 1
| #define HAVE_MEMORY_H 1
| #define HAVE_STRINGS_H 1
| #define HAVE_INTTYPES_H 1
| #define HAVE_STDINT_H 1
| #define HAVE_UNISTD_H 1
| #define HAVE_DLFCN_H 1
| #define LT_OBJDIR ".libs/"
| /* end confdefs.h.  */
| #include <pthread.h>
| int
| main ()
| {
| pthread_t th; pthread_join(th, 0);
|                      pthread_attr_init(0); pthread_cleanup_push(0, 0);
|                      pthread_create(0,0,0,0); pthread_cleanup_pop(0);
|   ;
|   return 0;
| }
configure:17181: result: no
configure:17084: checking whether pthreads work without any flags
configure:17172: gcc -o conftest.exe -g -O2    conftest.c   >&5
configure:17172: $? = 0
configure:17181: result: yes
configure:17200: checking for joinable pthread attribute
configure:17215: gcc -o conftest.exe -g -O2    conftest.c   >&5
configure:17215: $? = 0
configure:17221: result: PTHREAD_CREATE_JOINABLE
configure:17231: checking if more special flags are required for pthreads
configure:17238: result: no
configure:17325: checking if we can link -lpthread to work around a gcc bug (on MacOSX)
configure:17338: gcc -o conftest.exe -g -O2   conftest.c -lpthread >&5
configure:17338: $? = 0
configure:17339: result: yes
configure:17352: checking stddef.h usability
configure:17352: gcc -c -g -O2  conftest.c >&5
configure:17352: $? = 0
configure:17352: result: yes
configure:17352: checking stddef.h presence
configure:17352: gcc -E  conftest.c
configure:17352: $? = 0
configure:17352: result: yes
configure:17352: checking for stddef.h
configure:17352: result: yes
configure:17352: checking for stdint.h
configure:17352: result: yes
configure:17352: checking for stdlib.h
configure:17352: result: yes
configure:17352: checking for string.h
configure:17352: result: yes
configure:17352: checking sys/time.h usability
configure:17352: gcc -c -g -O2  conftest.c >&5
configure:17352: $? = 0
configure:17352: result: yes
configure:17352: checking sys/time.h presence
configure:17352: gcc -E  conftest.c
configure:17352: $? = 0
configure:17352: result: yes
configure:17352: checking for sys/time.h
configure:17352: result: yes
configure:17352: checking for unistd.h
configure:17352: result: yes
configure:17363: checking for inline
configure:17379: gcc -c -g -O2  conftest.c >&5
configure:17379: $? = 0
configure:17387: result: inline
configure:17405: checking for int16_t
configure:17405: gcc -c -g -O2  conftest.c >&5
configure:17405: $? = 0
configure:17405: gcc -c -g -O2  conftest.c >&5
conftest.c: In function 'main':
conftest.c:66:12: error: size of array 'test_array' is negative
 static int test_array [1 - 2 * !((int16_t) (((((int16_t) 1 << N) << N) - 1) * 2 + 1)
            ^~~~~~~~~~
configure:17405: $? = 1
configure: failed program was:
| /* confdefs.h */
| #define PACKAGE_NAME "CppUTest"
| #define PACKAGE_TARNAME "cpputest"
| #define PACKAGE_VERSION "3.8"
| #define PACKAGE_STRING "CppUTest 3.8"
| #define PACKAGE_BUGREPORT "https://github.com/cpputest/cpputest"
| #define PACKAGE_URL ""
| #define PACKAGE "cpputest"
| #define VERSION "3.8"
| #define STDC_HEADERS 1
| #define HAVE_SYS_TYPES_H 1
| #define HAVE_SYS_STAT_H 1
| #define HAVE_STDLIB_H 1
| #define HAVE_STRING_H 1
| #define HAVE_MEMORY_H 1
| #define HAVE_STRINGS_H 1
| #define HAVE_INTTYPES_H 1
| #define HAVE_STDINT_H 1
| #define HAVE_UNISTD_H 1
| #define HAVE_DLFCN_H 1
| #define LT_OBJDIR ".libs/"
| #define HAVE_STDDEF_H 1
| #define HAVE_STDINT_H 1
| #define HAVE_STDLIB_H 1
| #define HAVE_STRING_H 1
| #define HAVE_SYS_TIME_H 1
| #define HAVE_UNISTD_H 1
| /* end confdefs.h.  */
| #include <stdio.h>
| #ifdef HAVE_SYS_TYPES_H
| # include <sys/types.h>
| #endif
| #ifdef HAVE_SYS_STAT_H
| # include <sys/stat.h>
| #endif
| #ifdef STDC_HEADERS
| # include <stdlib.h>
| # include <stddef.h>
| #else
| # ifdef HAVE_STDLIB_H
| #  include <stdlib.h>
| # endif
| #endif
| #ifdef HAVE_STRING_H
| # if !defined STDC_HEADERS && defined HAVE_MEMORY_H
| #  include <memory.h>
| # endif
| # include <string.h>
| #endif
| #ifdef HAVE_STRINGS_H
| # include <strings.h>
| #endif
| #ifdef HAVE_INTTYPES_H
| # include <inttypes.h>
| #endif
| #ifdef HAVE_STDINT_H
| # include <stdint.h>
| #endif
| #ifdef HAVE_UNISTD_H
| # include <unistd.h>
| #endif
| 	        enum { N = 16 / 2 - 1 };
| int
| main ()
| {
| static int test_array [1 - 2 * !((int16_t) (((((int16_t) 1 << N) << N) - 1) * 2 + 1)
| 		 < (int16_t) (((((int16_t) 1 << N) << N) - 1) * 2 + 2))];
| test_array [0] = 0;
| return test_array [0];
| 
|   ;
|   return 0;
| }
configure:17405: result: yes
configure:17416: checking for int32_t
configure:17416: gcc -c -g -O2  conftest.c >&5
configure:17416: $? = 0
configure:17416: gcc -c -g -O2  conftest.c >&5
conftest.c: In function 'main':
conftest.c:67:53: warning: integer overflow in expression [-Woverflow]
    < (int32_t) (((((int32_t) 1 << N) << N) - 1) * 2 + 2))];
                                                     ^
conftest.c:66:12: error: storage size of 'test_array' isn't constant
 static int test_array [1 - 2 * !((int32_t) (((((int32_t) 1 << N) << N) - 1) * 2 + 1)
            ^~~~~~~~~~
configure:17416: $? = 1
configure: failed program was:
| /* confdefs.h */
| #define PACKAGE_NAME "CppUTest"
| #define PACKAGE_TARNAME "cpputest"
| #define PACKAGE_VERSION "3.8"
| #define PACKAGE_STRING "CppUTest 3.8"
| #define PACKAGE_BUGREPORT "https://github.com/cpputest/cpputest"
| #define PACKAGE_URL ""
| #define PACKAGE "cpputest"
| #define VERSION "3.8"
| #define STDC_HEADERS 1
| #define HAVE_SYS_TYPES_H 1
| #define HAVE_SYS_STAT_H 1
| #define HAVE_STDLIB_H 1
| #define HAVE_STRING_H 1
| #define HAVE_MEMORY_H 1
| #define HAVE_STRINGS_H 1
| #define HAVE_INTTYPES_H 1
| #define HAVE_STDINT_H 1
| #define HAVE_UNISTD_H 1
| #define HAVE_DLFCN_H 1
| #define LT_OBJDIR ".libs/"
| #define HAVE_STDDEF_H 1
| #define HAVE_STDINT_H 1
| #define HAVE_STDLIB_H 1
| #define HAVE_STRING_H 1
| #define HAVE_SYS_TIME_H 1
| #define HAVE_UNISTD_H 1
| /* end confdefs.h.  */
| #include <stdio.h>
| #ifdef HAVE_SYS_TYPES_H
| # include <sys/types.h>
| #endif
| #ifdef HAVE_SYS_STAT_H
| # include <sys/stat.h>
| #endif
| #ifdef STDC_HEADERS
| # include <stdlib.h>
| # include <stddef.h>
| #else
| # ifdef HAVE_STDLIB_H
| #  include <stdlib.h>
| # endif
| #endif
| #ifdef HAVE_STRING_H
| # if !defined STDC_HEADERS && defined HAVE_MEMORY_H
| #  include <memory.h>
| # endif
| # include <string.h>
| #endif
| #ifdef HAVE_STRINGS_H
| # include <strings.h>
| #endif
| #ifdef HAVE_INTTYPES_H
| # include <inttypes.h>
| #endif
| #ifdef HAVE_STDINT_H
| # include <stdint.h>
| #endif
| #ifdef HAVE_UNISTD_H
| # include <unistd.h>
| #endif
| 	        enum { N = 32 / 2 - 1 };
| int
| main ()
| {
| static int test_array [1 - 2 * !((int32_t) (((((int32_t) 1 << N) << N) - 1) * 2 + 1)
| 		 < (int32_t) (((((int32_t) 1 << N) << N) - 1) * 2 + 2))];
| test_array [0] = 0;
| return test_array [0];
| 
|   ;
|   return 0;
| }
configure:17416: result: yes
configure:17427: checking for int64_t
configure:17427: gcc -c -g -O2  conftest.c >&5
configure:17427: $? = 0
configure:17427: gcc -c -g -O2  conftest.c >&5
conftest.c: In function 'main':
conftest.c:67:53: warning: integer overflow in expression [-Woverflow]
    < (int64_t) (((((int64_t) 1 << N) << N) - 1) * 2 + 2))];
                                                     ^
conftest.c:66:12: error: storage size of 'test_array' isn't constant
 static int test_array [1 - 2 * !((int64_t) (((((int64_t) 1 << N) << N) - 1) * 2 + 1)
            ^~~~~~~~~~
configure:17427: $? = 1
configure: failed program was:
| /* confdefs.h */
| #define PACKAGE_NAME "CppUTest"
| #define PACKAGE_TARNAME "cpputest"
| #define PACKAGE_VERSION "3.8"
| #define PACKAGE_STRING "CppUTest 3.8"
| #define PACKAGE_BUGREPORT "https://github.com/cpputest/cpputest"
| #define PACKAGE_URL ""
| #define PACKAGE "cpputest"
| #define VERSION "3.8"
| #define STDC_HEADERS 1
| #define HAVE_SYS_TYPES_H 1
| #define HAVE_SYS_STAT_H 1
| #define HAVE_STDLIB_H 1
| #define HAVE_STRING_H 1
| #define HAVE_MEMORY_H 1
| #define HAVE_STRINGS_H 1
| #define HAVE_INTTYPES_H 1
| #define HAVE_STDINT_H 1
| #define HAVE_UNISTD_H 1
| #define HAVE_DLFCN_H 1
| #define LT_OBJDIR ".libs/"
| #define HAVE_STDDEF_H 1
| #define HAVE_STDINT_H 1
| #define HAVE_STDLIB_H 1
| #define HAVE_STRING_H 1
| #define HAVE_SYS_TIME_H 1
| #define HAVE_UNISTD_H 1
| /* end confdefs.h.  */
| #include <stdio.h>
| #ifdef HAVE_SYS_TYPES_H
| # include <sys/types.h>
| #endif
| #ifdef HAVE_SYS_STAT_H
| # include <sys/stat.h>
| #endif
| #ifdef STDC_HEADERS
| # include <stdlib.h>
| # include <stddef.h>
| #else
| # ifdef HAVE_STDLIB_H
| #  include <stdlib.h>
| # endif
| #endif
| #ifdef HAVE_STRING_H
| # if !defined STDC_HEADERS && defined HAVE_MEMORY_H
| #  include <memory.h>
| # endif
| # include <string.h>
| #endif
| #ifdef HAVE_STRINGS_H
| # include <strings.h>
| #endif
| #ifdef HAVE_INTTYPES_H
| # include <inttypes.h>
| #endif
| #ifdef HAVE_STDINT_H
| # include <stdint.h>
| #endif
| #ifdef HAVE_UNISTD_H
| # include <unistd.h>
| #endif
| 	        enum { N = 64 / 2 - 1 };
| int
| main ()
| {
| static int test_array [1 - 2 * !((int64_t) (((((int64_t) 1 << N) << N) - 1) * 2 + 1)
| 		 < (int64_t) (((((int64_t) 1 << N) << N) - 1) * 2 + 2))];
| test_array [0] = 0;
| return test_array [0];
| 
|   ;
|   return 0;
| }
configure:17427: result: yes
configure:17438: checking for int8_t
configure:17438: gcc -c -g -O2  conftest.c >&5
configure:17438: $? = 0
configure:17438: gcc -c -g -O2  conftest.c >&5
conftest.c: In function 'main':
conftest.c:66:12: error: size of array 'test_array' is negative
 static int test_array [1 - 2 * !((int8_t) (((((int8_t) 1 << N) << N) - 1) * 2 + 1)
            ^~~~~~~~~~
configure:17438: $? = 1
configure: failed program was:
| /* confdefs.h */
| #define PACKAGE_NAME "CppUTest"
| #define PACKAGE_TARNAME "cpputest"
| #define PACKAGE_VERSION "3.8"
| #define PACKAGE_STRING "CppUTest 3.8"
| #define PACKAGE_BUGREPORT "https://github.com/cpputest/cpputest"
| #define PACKAGE_URL ""
| #define PACKAGE "cpputest"
| #define VERSION "3.8"
| #define STDC_HEADERS 1
| #define HAVE_SYS_TYPES_H 1
| #define HAVE_SYS_STAT_H 1
| #define HAVE_STDLIB_H 1
| #define HAVE_STRING_H 1
| #define HAVE_MEMORY_H 1
| #define HAVE_STRINGS_H 1
| #define HAVE_INTTYPES_H 1
| #define HAVE_STDINT_H 1
| #define HAVE_UNISTD_H 1
| #define HAVE_DLFCN_H 1
| #define LT_OBJDIR ".libs/"
| #define HAVE_STDDEF_H 1
| #define HAVE_STDINT_H 1
| #define HAVE_STDLIB_H 1
| #define HAVE_STRING_H 1
| #define HAVE_SYS_TIME_H 1
| #define HAVE_UNISTD_H 1
| /* end confdefs.h.  */
| #include <stdio.h>
| #ifdef HAVE_SYS_TYPES_H
| # include <sys/types.h>
| #endif
| #ifdef HAVE_SYS_STAT_H
| # include <sys/stat.h>
| #endif
| #ifdef STDC_HEADERS
| # include <stdlib.h>
| # include <stddef.h>
| #else
| # ifdef HAVE_STDLIB_H
| #  include <stdlib.h>
| # endif
| #endif
| #ifdef HAVE_STRING_H
| # if !defined STDC_HEADERS && defined HAVE_MEMORY_H
| #  include <memory.h>
| # endif
| # include <string.h>
| #endif
| #ifdef HAVE_STRINGS_H
| # include <strings.h>
| #endif
| #ifdef HAVE_INTTYPES_H
| # include <inttypes.h>
| #endif
| #ifdef HAVE_STDINT_H
| # include <stdint.h>
| #endif
| #ifdef HAVE_UNISTD_H
| # include <unistd.h>
| #endif
| 	        enum { N = 8 / 2 - 1 };
| int
| main ()
| {
| static int test_array [1 - 2 * !((int8_t) (((((int8_t) 1 << N) << N) - 1) * 2 + 1)
| 		 < (int8_t) (((((int8_t) 1 << N) << N) - 1) * 2 + 2))];
| test_array [0] = 0;
| return test_array [0];
| 
|   ;
|   return 0;
| }
configure:17438: result: yes
configure:17449: checking for pid_t
configure:17449: gcc -c -g -O2  conftest.c >&5
configure:17449: $? = 0
configure:17449: gcc -c -g -O2  conftest.c >&5
conftest.c: In function 'main':
conftest.c:65:20: error: expected expression before ')' token
 if (sizeof ((pid_t)))
                    ^
configure:17449: $? = 1
configure: failed program was:
| /* confdefs.h */
| #define PACKAGE_NAME "CppUTest"
| #define PACKAGE_TARNAME "cpputest"
| #define PACKAGE_VERSION "3.8"
| #define PACKAGE_STRING "CppUTest 3.8"
| #define PACKAGE_BUGREPORT "https://github.com/cpputest/cpputest"
| #define PACKAGE_URL ""
| #define PACKAGE "cpputest"
| #define VERSION "3.8"
| #define STDC_HEADERS 1
| #define HAVE_SYS_TYPES_H 1
| #define HAVE_SYS_STAT_H 1
| #define HAVE_STDLIB_H 1
| #define HAVE_STRING_H 1
| #define HAVE_MEMORY_H 1
| #define HAVE_STRINGS_H 1
| #define HAVE_INTTYPES_H 1
| #define HAVE_STDINT_H 1
| #define HAVE_UNISTD_H 1
| #define HAVE_DLFCN_H 1
| #define LT_OBJDIR ".libs/"
| #define HAVE_STDDEF_H 1
| #define HAVE_STDINT_H 1
| #define HAVE_STDLIB_H 1
| #define HAVE_STRING_H 1
| #define HAVE_SYS_TIME_H 1
| #define HAVE_UNISTD_H 1
| /* end confdefs.h.  */
| #include <stdio.h>
| #ifdef HAVE_SYS_TYPES_H
| # include <sys/types.h>
| #endif
| #ifdef HAVE_SYS_STAT_H
| # include <sys/stat.h>
| #endif
| #ifdef STDC_HEADERS
| # include <stdlib.h>
| # include <stddef.h>
| #else
| # ifdef HAVE_STDLIB_H
| #  include <stdlib.h>
| # endif
| #endif
| #ifdef HAVE_STRING_H
| # if !defined STDC_HEADERS && defined HAVE_MEMORY_H
| #  include <memory.h>
| # endif
| # include <string.h>
| #endif
| #ifdef HAVE_STRINGS_H
| # include <strings.h>
| #endif
| #ifdef HAVE_INTTYPES_H
| # include <inttypes.h>
| #endif
| #ifdef HAVE_STDINT_H
| # include <stdint.h>
| #endif
| #ifdef HAVE_UNISTD_H
| # include <unistd.h>
| #endif
| int
| main ()
| {
| if (sizeof ((pid_t)))
| 	    return 0;
|   ;
|   return 0;
| }
configure:17449: result: yes
configure:17460: checking for size_t
configure:17460: gcc -c -g -O2  conftest.c >&5
configure:17460: $? = 0
configure:17460: gcc -c -g -O2  conftest.c >&5
conftest.c: In function 'main':
conftest.c:65:21: error: expected expression before ')' token
 if (sizeof ((size_t)))
                     ^
configure:17460: $? = 1
configure: failed program was:
| /* confdefs.h */
| #define PACKAGE_NAME "CppUTest"
| #define PACKAGE_TARNAME "cpputest"
| #define PACKAGE_VERSION "3.8"
| #define PACKAGE_STRING "CppUTest 3.8"
| #define PACKAGE_BUGREPORT "https://github.com/cpputest/cpputest"
| #define PACKAGE_URL ""
| #define PACKAGE "cpputest"
| #define VERSION "3.8"
| #define STDC_HEADERS 1
| #define HAVE_SYS_TYPES_H 1
| #define HAVE_SYS_STAT_H 1
| #define HAVE_STDLIB_H 1
| #define HAVE_STRING_H 1
| #define HAVE_MEMORY_H 1
| #define HAVE_STRINGS_H 1
| #define HAVE_INTTYPES_H 1
| #define HAVE_STDINT_H 1
| #define HAVE_UNISTD_H 1
| #define HAVE_DLFCN_H 1
| #define LT_OBJDIR ".libs/"
| #define HAVE_STDDEF_H 1
| #define HAVE_STDINT_H 1
| #define HAVE_STDLIB_H 1
| #define HAVE_STRING_H 1
| #define HAVE_SYS_TIME_H 1
| #define HAVE_UNISTD_H 1
| /* end confdefs.h.  */
| #include <stdio.h>
| #ifdef HAVE_SYS_TYPES_H
| # include <sys/types.h>
| #endif
| #ifdef HAVE_SYS_STAT_H
| # include <sys/stat.h>
| #endif
| #ifdef STDC_HEADERS
| # include <stdlib.h>
| # include <stddef.h>
| #else
| # ifdef HAVE_STDLIB_H
| #  include <stdlib.h>
| # endif
| #endif
| #ifdef HAVE_STRING_H
| # if !defined STDC_HEADERS && defined HAVE_MEMORY_H
| #  include <memory.h>
| # endif
| # include <string.h>
| #endif
| #ifdef HAVE_STRINGS_H
| # include <strings.h>
| #endif
| #ifdef HAVE_INTTYPES_H
| # include <inttypes.h>
| #endif
| #ifdef HAVE_STDINT_H
| # include <stdint.h>
| #endif
| #ifdef HAVE_UNISTD_H
| # include <unistd.h>
| #endif
| int
| main ()
| {
| if (sizeof ((size_t)))
| 	    return 0;
|   ;
|   return 0;
| }
configure:17460: result: yes
configure:17471: checking for uint16_t
configure:17471: gcc -c -g -O2  conftest.c >&5
configure:17471: $? = 0
configure:17471: result: yes
configure:17483: checking for uint32_t
configure:17483: gcc -c -g -O2  conftest.c >&5
configure:17483: $? = 0
configure:17483: result: yes
configure:17497: checking for uint64_t
configure:17497: gcc -c -g -O2  conftest.c >&5
configure:17497: $? = 0
configure:17497: result: yes
configure:17511: checking for uint8_t
configure:17511: gcc -c -g -O2  conftest.c >&5
configure:17511: $? = 0
configure:17511: result: yes
configure:17526: checking for unsigned long long int
configure:17565: gcc -o conftest.exe -g -O2   conftest.c    -lpthread >&5
configure:17565: $? = 0
configure:17574: result: yes
configure:17584: checking for long long int
configure:17622: gcc -o conftest.exe -g -O2   conftest.c    -lpthread >&5
configure:17622: $? = 0
configure:17622: ./conftest.exe
configure:17622: $? = 0
configure:17634: result: yes
configure:17646: checking vfork.h usability
configure:17646: gcc -c -g -O2  conftest.c >&5
conftest.c:64:19: fatal error: vfork.h: No such file or directory
 #include <vfork.h>
                   ^
compilation terminated.
configure:17646: $? = 1
configure: failed program was:
| /* confdefs.h */
| #define PACKAGE_NAME "CppUTest"
| #define PACKAGE_TARNAME "cpputest"
| #define PACKAGE_VERSION "3.8"
| #define PACKAGE_STRING "CppUTest 3.8"
| #define PACKAGE_BUGREPORT "https://github.com/cpputest/cpputest"
| #define PACKAGE_URL ""
| #define PACKAGE "cpputest"
| #define VERSION "3.8"
| #define STDC_HEADERS 1
| #define HAVE_SYS_TYPES_H 1
| #define HAVE_SYS_STAT_H 1
| #define HAVE_STDLIB_H 1
| #define HAVE_STRING_H 1
| #define HAVE_MEMORY_H 1
| #define HAVE_STRINGS_H 1
| #define HAVE_INTTYPES_H 1
| #define HAVE_STDINT_H 1
| #define HAVE_UNISTD_H 1
| #define HAVE_DLFCN_H 1
| #define LT_OBJDIR ".libs/"
| #define HAVE_STDDEF_H 1
| #define HAVE_STDINT_H 1
| #define HAVE_STDLIB_H 1
| #define HAVE_STRING_H 1
| #define HAVE_SYS_TIME_H 1
| #define HAVE_UNISTD_H 1
| #define HAVE_UNSIGNED_LONG_LONG_INT 1
| #define HAVE_LONG_LONG_INT 1
| /* end confdefs.h.  */
| #include <stdio.h>
| #ifdef HAVE_SYS_TYPES_H
| # include <sys/types.h>
| #endif
| #ifdef HAVE_SYS_STAT_H
| # include <sys/stat.h>
| #endif
| #ifdef STDC_HEADERS
| # include <stdlib.h>
| # include <stddef.h>
| #else
| # ifdef HAVE_STDLIB_H
| #  include <stdlib.h>
| # endif
| #endif
| #ifdef HAVE_STRING_H
| # if !defined STDC_HEADERS && defined HAVE_MEMORY_H
| #  include <memory.h>
| # endif
| # include <string.h>
| #endif
| #ifdef HAVE_STRINGS_H
| # include <strings.h>
| #endif
| #ifdef HAVE_INTTYPES_H
| # include <inttypes.h>
| #endif
| #ifdef HAVE_STDINT_H
| # include <stdint.h>
| #endif
| #ifdef HAVE_UNISTD_H
| # include <unistd.h>
| #endif
| #include <vfork.h>
configure:17646: result: no
configure:17646: checking vfork.h presence
configure:17646: gcc -E  conftest.c
conftest.c:31:19: fatal error: vfork.h: No such file or directory
 #include <vfork.h>
                   ^
compilation terminated.
configure:17646: $? = 1
configure: failed program was:
| /* confdefs.h */
| #define PACKAGE_NAME "CppUTest"
| #define PACKAGE_TARNAME "cpputest"
| #define PACKAGE_VERSION "3.8"
| #define PACKAGE_STRING "CppUTest 3.8"
| #define PACKAGE_BUGREPORT "https://github.com/cpputest/cpputest"
| #define PACKAGE_URL ""
| #define PACKAGE "cpputest"
| #define VERSION "3.8"
| #define STDC_HEADERS 1
| #define HAVE_SYS_TYPES_H 1
| #define HAVE_SYS_STAT_H 1
| #define HAVE_STDLIB_H 1
| #define HAVE_STRING_H 1
| #define HAVE_MEMORY_H 1
| #define HAVE_STRINGS_H 1
| #define HAVE_INTTYPES_H 1
| #define HAVE_STDINT_H 1
| #define HAVE_UNISTD_H 1
| #define HAVE_DLFCN_H 1
| #define LT_OBJDIR ".libs/"
| #define HAVE_STDDEF_H 1
| #define HAVE_STDINT_H 1
| #define HAVE_STDLIB_H 1
| #define HAVE_STRING_H 1
| #define HAVE_SYS_TIME_H 1
| #define HAVE_UNISTD_H 1
| #define HAVE_UNSIGNED_LONG_LONG_INT 1
| #define HAVE_LONG_LONG_INT 1
| /* end confdefs.h.  */
| #include <vfork.h>
configure:17646: result: no
configure:17646: checking for vfork.h
configure:17646: result: no
configure:17659: checking for fork
configure:17659: gcc -o conftest.exe -g -O2   conftest.c    -lpthread >&5
conftest.c:54:6: warning: conflicting types for built-in function 'fork'
 char fork ();
      ^~~~
configure:17659: $? = 0
configure:17659: result: yes
configure:17659: checking for vfork
configure:17659: gcc -o conftest.exe -g -O2   conftest.c    -lpthread >&5
configure:17659: $? = 0
configure:17659: result: yes
configure:17669: checking for working fork
configure:17691: gcc -o conftest.exe -g -O2   conftest.c    -lpthread >&5
configure:17691: $? = 0
configure:17691: ./conftest.exe
configure:17691: $? = 0
configure:17701: result: yes
configure:17722: checking for working vfork
configure:17832: result: yes
configure:17860: checking for gettimeofday
configure:17860: gcc -o conftest.exe -g -O2   conftest.c    -lpthread >&5
configure:17860: $? = 0
configure:17860: result: yes
configure:17860: checking for memset
configure:17860: gcc -o conftest.exe -g -O2   conftest.c    -lpthread >&5
conftest.c:59:6: warning: conflicting types for built-in function 'memset'
 char memset ();
      ^~~~~~
configure:17860: $? = 0
configure:17860: result: yes
configure:17860: checking for strstr
configure:17860: gcc -o conftest.exe -g -O2   conftest.c    -lpthread >&5
conftest.c:60:6: warning: conflicting types for built-in function 'strstr'
 char strstr ();
      ^~~~~~
configure:17860: $? = 0
configure:17860: result: yes
configure:17872: checking for gcc
configure:17888: found /usr/bin/gcc
configure:17900: result: yes
configure:17910: checking for clang
configure:17926: found /usr/bin/clang
configure:17938: result: yes
configure:17948: checking for lcov
configure:17976: result: no
configure:17986: checking for valgrind
configure:18014: result: no
configure:18024: checking for dash
configure:18040: found /usr/bin/dash
configure:18052: result: yes
configure:18106: checking whether CXX supports -std=c++0x
configure:18119: g++ -c -std=c++0x  conftest.cpp >&5
configure:18119: $? = 0
configure:18120: result: yes
configure:18130: checking whether CXX supports -std=c++11
configure:18143: g++ -c -std=c++11  conftest.cpp >&5
configure:18143: $? = 0
configure:18144: result: yes
configure:18154: checking whether CXX supports -stdlib=libc++
configure:18167: g++ -c -stdlib=libc++  conftest.cpp >&5
g++: error: unrecognized command line option '-stdlib=libc++'
configure:18167: $? = 1
configure: failed program was:
| /* confdefs.h */
| #define PACKAGE_NAME "CppUTest"
| #define PACKAGE_TARNAME "cpputest"
| #define PACKAGE_VERSION "3.8"
| #define PACKAGE_STRING "CppUTest 3.8"
| #define PACKAGE_BUGREPORT "https://github.com/cpputest/cpputest"
| #define PACKAGE_URL ""
| #define PACKAGE "cpputest"
| #define VERSION "3.8"
| #define STDC_HEADERS 1
| #define HAVE_SYS_TYPES_H 1
| #define HAVE_SYS_STAT_H 1
| #define HAVE_STDLIB_H 1
| #define HAVE_STRING_H 1
| #define HAVE_MEMORY_H 1
| #define HAVE_STRINGS_H 1
| #define HAVE_INTTYPES_H 1
| #define HAVE_STDINT_H 1
| #define HAVE_UNISTD_H 1
| #define HAVE_DLFCN_H 1
| #define LT_OBJDIR ".libs/"
| #define HAVE_STDDEF_H 1
| #define HAVE_STDINT_H 1
| #define HAVE_STDLIB_H 1
| #define HAVE_STRING_H 1
| #define HAVE_SYS_TIME_H 1
| #define HAVE_UNISTD_H 1
| #define HAVE_UNSIGNED_LONG_LONG_INT 1
| #define HAVE_LONG_LONG_INT 1
| #define HAVE_FORK 1
| #define HAVE_VFORK 1
| #define HAVE_WORKING_VFORK 1
| #define HAVE_WORKING_FORK 1
| #define HAVE_GETTIMEOFDAY 1
| #define HAVE_MEMSET 1
| #define HAVE_STRSTR 1
| /* end confdefs.h.  */
| #include <cstdio>
| int
| main ()
| {
| 
|   ;
|   return 0;
| }
configure:18171: result: no
configure:18179: checking whether CXX supports -Wno-c++98-compat
configure:18192: g++ -c -Werror -Wno-c++98-compat  conftest.cpp >&5
configure:18192: $? = 0
configure:18193: result: yes
configure:18204: checking whether CXX supports -Wno-c++98-compat-pedantic
configure:18217: g++ -c -Werror -Wno-c++98-compat-pedantic  conftest.cpp >&5
configure:18217: $? = 0
configure:18218: result: yes
configure:18236: checking whether CC and CXX supports -Wno-c++11-long-long
configure:18249: gcc -c -Werror -Wno-c++11-long-long  conftest.c >&5
configure:18249: $? = 0
configure:18250: result: yes
configure:18261: checking whether CC supports -Wno-long-long
configure:18274: gcc -c -Werror -Wno-long-long  conftest.c >&5
configure:18274: $? = 0
configure:18275: result: yes
configure:18289: checking whether CC and CXX supports -Weverything
configure:18302: gcc -c -Werror -Weverything -Wno-unused-macros  conftest.c >&5
gcc: error: unrecognized command line option '-Weverything'
configure:18302: $? = 1
configure: failed program was:
| /* confdefs.h */
| #define PACKAGE_NAME "CppUTest"
| #define PACKAGE_TARNAME "cpputest"
| #define PACKAGE_VERSION "3.8"
| #define PACKAGE_STRING "CppUTest 3.8"
| #define PACKAGE_BUGREPORT "https://github.com/cpputest/cpputest"
| #define PACKAGE_URL ""
| #define PACKAGE "cpputest"
| #define VERSION "3.8"
| #define STDC_HEADERS 1
| #define HAVE_SYS_TYPES_H 1
| #define HAVE_SYS_STAT_H 1
| #define HAVE_STDLIB_H 1
| #define HAVE_STRING_H 1
| #define HAVE_MEMORY_H 1
| #define HAVE_STRINGS_H 1
| #define HAVE_INTTYPES_H 1
| #define HAVE_STDINT_H 1
| #define HAVE_UNISTD_H 1
| #define HAVE_DLFCN_H 1
| #define LT_OBJDIR ".libs/"
| #define HAVE_STDDEF_H 1
| #define HAVE_STDINT_H 1
| #define HAVE_STDLIB_H 1
| #define HAVE_STRING_H 1
| #define HAVE_SYS_TIME_H 1
| #define HAVE_UNISTD_H 1
| #define HAVE_UNSIGNED_LONG_LONG_INT 1
| #define HAVE_LONG_LONG_INT 1
| #define HAVE_FORK 1
| #define HAVE_VFORK 1
| #define HAVE_WORKING_VFORK 1
| #define HAVE_WORKING_FORK 1
| #define HAVE_GETTIMEOFDAY 1
| #define HAVE_MEMSET 1
| #define HAVE_STRSTR 1
| /* end confdefs.h.  */
| 
| int
| main ()
| {
| 
|   ;
|   return 0;
| }
configure:18306: result: no
configure:18314: checking whether CC and CXX supports -Wall
configure:18327: gcc -c -Werror -Wall  conftest.c >&5
configure:18327: $? = 0
configure:18328: result: yes
configure:18339: checking whether CC and CXX supports -Wextra
configure:18352: gcc -c -Werror -Wextra  conftest.c >&5
configure:18352: $? = 0
configure:18353: result: yes
configure:18364: checking whether CC and CXX supports -Wshadow
configure:18377: gcc -c -Werror -Wshadow  conftest.c >&5
configure:18377: $? = 0
configure:18378: result: yes
configure:18389: checking whether CC and CXX supports -Wswitch-default
configure:18402: gcc -c -Werror -Wswitch-default  conftest.c >&5
configure:18402: $? = 0
configure:18403: result: yes
configure:18414: checking whether CC and CXX supports -Wswitch-enum
configure:18427: gcc -c -Werror -Wswitch-enum  conftest.c >&5
configure:18427: $? = 0
configure:18428: result: yes
configure:18439: checking whether CC and CXX supports -Wconversion
configure:18452: gcc -c -Werror -Wconversion  conftest.c >&5
configure:18452: $? = 0
configure:18453: result: yes
configure:18464: checking whether CC and CXX supports -pedantic
configure:18477: gcc -c -Werror -pedantic  conftest.c >&5
configure:18477: $? = 0
configure:18478: result: yes
configure:18489: checking whether CC supports -Wsign-conversion
configure:18502: gcc -c -Werror -Wsign-conversion  conftest.c >&5
configure:18502: $? = 0
configure:18503: result: yes
configure:18522: checking whether CXX supports -Wsign-conversion
configure:18535: g++ -c -Werror -Wsign-conversion  conftest.cpp >&5
configure:18535: $? = 0
configure:18536: result: yes
configure:18547: checking whether CXX supports -Woverloaded-virtual
configure:18560: g++ -c -Werror -Woverloaded-virtual  conftest.cpp >&5
configure:18560: $? = 0
configure:18561: result: yes
configure:18579: checking whether CC supports -Wstrict-prototypes
configure:18592: gcc -c -Werror -Wstrict-prototypes  conftest.c >&5
conftest.c:40:1: error: function declaration isn't a prototype [-Werror=strict-prototypes]
 main ()
 ^~~~
cc1: all warnings being treated as errors
configure:18592: $? = 1
configure: failed program was:
| /* confdefs.h */
| #define PACKAGE_NAME "CppUTest"
| #define PACKAGE_TARNAME "cpputest"
| #define PACKAGE_VERSION "3.8"
| #define PACKAGE_STRING "CppUTest 3.8"
| #define PACKAGE_BUGREPORT "https://github.com/cpputest/cpputest"
| #define PACKAGE_URL ""
| #define PACKAGE "cpputest"
| #define VERSION "3.8"
| #define STDC_HEADERS 1
| #define HAVE_SYS_TYPES_H 1
| #define HAVE_SYS_STAT_H 1
| #define HAVE_STDLIB_H 1
| #define HAVE_STRING_H 1
| #define HAVE_MEMORY_H 1
| #define HAVE_STRINGS_H 1
| #define HAVE_INTTYPES_H 1
| #define HAVE_STDINT_H 1
| #define HAVE_UNISTD_H 1
| #define HAVE_DLFCN_H 1
| #define LT_OBJDIR ".libs/"
| #define HAVE_STDDEF_H 1
| #define HAVE_STDINT_H 1
| #define HAVE_STDLIB_H 1
| #define HAVE_STRING_H 1
| #define HAVE_SYS_TIME_H 1
| #define HAVE_UNISTD_H 1
| #define HAVE_UNSIGNED_LONG_LONG_INT 1
| #define HAVE_LONG_LONG_INT 1
| #define HAVE_FORK 1
| #define HAVE_VFORK 1
| #define HAVE_WORKING_VFORK 1
| #define HAVE_WORKING_FORK 1
| #define HAVE_GETTIMEOFDAY 1
| #define HAVE_MEMSET 1
| #define HAVE_STRSTR 1
| /* end confdefs.h.  */
| 
| int
| main ()
| {
| 
|   ;
|   return 0;
| }
configure:18596: result: no
configure:18609: checking whether CC and CXX supports -Wno-disabled-macro-expansion
configure:18622: gcc -c -Werror -Wno-disabled-macro-expansion  conftest.c >&5
configure:18622: $? = 0
configure:18623: result: yes
configure:18634: checking whether CC and CXX supports -Wno-padded
configure:18647: gcc -c -Werror -Wno-padded  conftest.c >&5
configure:18647: $? = 0
configure:18648: result: yes
configure:18659: checking whether CC and CXX supports -Wno-reserved-id-macro
configure:18672: gcc -c -Werror -Wno-reserved-id-macro  conftest.c >&5
configure:18672: $? = 0
configure:18673: result: yes
configure:18684: checking whether CC and CXX supports -Wno-keyword-macro
configure:18697: gcc -c -Werror -Wno-keyword-macro  conftest.c >&5
configure:18697: $? = 0
configure:18698: result: yes
configure:18715: checking whether CXX supports -Wno-global-constructors
configure:18728: g++ -c -Werror -Wno-global-constructors  conftest.cpp >&5
configure:18728: $? = 0
configure:18729: result: yes
configure:18740: checking whether CXX supports -Wno-exit-time-destructors
configure:18753: g++ -c -Werror -Wno-exit-time-destructors  conftest.cpp >&5
configure:18753: $? = 0
configure:18754: result: yes
configure:18765: checking whether CXX supports -Wno-weak-vtables
configure:18778: g++ -c -Werror -Wno-weak-vtables  conftest.cpp >&5
configure:18778: $? = 0
configure:18779: result: yes
configure:18790: checking whether CXX supports -Wno-old-style-cast
configure:18803: g++ -c -Werror -Wno-old-style-cast  conftest.cpp >&5
configure:18803: $? = 0
configure:18804: result: yes
configure:18831: checking whether CXX and the linker supports --coverage (broken in clang 3.3)
configure:18844: g++ -o conftest.exe -Werror --coverage   conftest.cpp    -lpthread >&5
configure:18844: $? = 0
configure:18845: result: yes
configure:18874: checking whether CXX supports operator delete without exception handling specifier
configure:18887: g++ -c -Werror  conftest.cpp >&5
conftest.cpp:38:15: error: extra tokens at end of #include directive [-Werror]
 #include <new>\nvoid operator delete(void* mem);
               ^
cc1plus: all warnings being treated as errors
configure:18887: $? = 1
configure: failed program was:
| /* confdefs.h */
| #define PACKAGE_NAME "CppUTest"
| #define PACKAGE_TARNAME "cpputest"
| #define PACKAGE_VERSION "3.8"
| #define PACKAGE_STRING "CppUTest 3.8"
| #define PACKAGE_BUGREPORT "https://github.com/cpputest/cpputest"
| #define PACKAGE_URL ""
| #define PACKAGE "cpputest"
| #define VERSION "3.8"
| #define STDC_HEADERS 1
| #define HAVE_SYS_TYPES_H 1
| #define HAVE_SYS_STAT_H 1
| #define HAVE_STDLIB_H 1
| #define HAVE_STRING_H 1
| #define HAVE_MEMORY_H 1
| #define HAVE_STRINGS_H 1
| #define HAVE_INTTYPES_H 1
| #define HAVE_STDINT_H 1
| #define HAVE_UNISTD_H 1
| #define HAVE_DLFCN_H 1
| #define LT_OBJDIR ".libs/"
| #define HAVE_STDDEF_H 1
| #define HAVE_STDINT_H 1
| #define HAVE_STDLIB_H 1
| #define HAVE_STRING_H 1
| #define HAVE_SYS_TIME_H 1
| #define HAVE_UNISTD_H 1
| #define HAVE_UNSIGNED_LONG_LONG_INT 1
| #define HAVE_LONG_LONG_INT 1
| #define HAVE_FORK 1
| #define HAVE_VFORK 1
| #define HAVE_WORKING_VFORK 1
| #define HAVE_WORKING_FORK 1
| #define HAVE_GETTIMEOFDAY 1
| #define HAVE_MEMSET 1
| #define HAVE_STRSTR 1
| /* end confdefs.h.  */
| #include <new>\nvoid operator delete(void* mem);
| int
| main ()
| {
| 
|   ;
|   return 0;
| }
configure:18891: result: no
configure:18899: checking whether CXX supports operator new with exception handling specifier
configure:18912: g++ -c -Werror  conftest.cpp >&5
conftest.cpp:38:15: error: extra tokens at end of #include directive [-Werror]
 #include <new>\nvoid* operator new(size_t size) throw(std::bad_alloc);;
               ^
cc1plus: all warnings being treated as errors
configure:18912: $? = 1
configure: failed program was:
| /* confdefs.h */
| #define PACKAGE_NAME "CppUTest"
| #define PACKAGE_TARNAME "cpputest"
| #define PACKAGE_VERSION "3.8"
| #define PACKAGE_STRING "CppUTest 3.8"
| #define PACKAGE_BUGREPORT "https://github.com/cpputest/cpputest"
| #define PACKAGE_URL ""
| #define PACKAGE "cpputest"
| #define VERSION "3.8"
| #define STDC_HEADERS 1
| #define HAVE_SYS_TYPES_H 1
| #define HAVE_SYS_STAT_H 1
| #define HAVE_STDLIB_H 1
| #define HAVE_STRING_H 1
| #define HAVE_MEMORY_H 1
| #define HAVE_STRINGS_H 1
| #define HAVE_INTTYPES_H 1
| #define HAVE_STDINT_H 1
| #define HAVE_UNISTD_H 1
| #define HAVE_DLFCN_H 1
| #define LT_OBJDIR ".libs/"
| #define HAVE_STDDEF_H 1
| #define HAVE_STDINT_H 1
| #define HAVE_STDLIB_H 1
| #define HAVE_STRING_H 1
| #define HAVE_SYS_TIME_H 1
| #define HAVE_UNISTD_H 1
| #define HAVE_UNSIGNED_LONG_LONG_INT 1
| #define HAVE_LONG_LONG_INT 1
| #define HAVE_FORK 1
| #define HAVE_VFORK 1
| #define HAVE_WORKING_VFORK 1
| #define HAVE_WORKING_FORK 1
| #define HAVE_GETTIMEOFDAY 1
| #define HAVE_MEMSET 1
| #define HAVE_STRSTR 1
| /* end confdefs.h.  */
| #include <new>\nvoid* operator new(size_t size) throw(std::bad_alloc);;
| int
| main ()
| {
| 
|   ;
|   return 0;
| }
configure:18916: result: no
configure:18924: checking whether CXX supports -Wno-missing-exception-spec
configure:18937: g++ -c -Werror -Wno-missing-exception-spec  conftest.cpp >&5
configure:18937: $? = 0
configure:18938: result: yes
configure:18967: checking whether CXXLD supports -Qunused-arguments linker option
configure:18982: result: no
configure:18988: checking whether LD supports -Wl,-map
configure:19001: gcc -o conftest.exe -g -O2   -Wl,-map,filename.map.txt conftest.c    -lpthread >&5
/usr/lib/gcc/x86_64-pc-cygwin/6.4.0/../../../../x86_64-pc-cygwin/bin/ld: unrecognised emulation mode: ap
Supported emulations: i386pep i386pe
collect2: error: ld returned 1 exit status
configure:19001: $? = 1
configure: failed program was:
| /* confdefs.h */
| #define PACKAGE_NAME "CppUTest"
| #define PACKAGE_TARNAME "cpputest"
| #define PACKAGE_VERSION "3.8"
| #define PACKAGE_STRING "CppUTest 3.8"
| #define PACKAGE_BUGREPORT "https://github.com/cpputest/cpputest"
| #define PACKAGE_URL ""
| #define PACKAGE "cpputest"
| #define VERSION "3.8"
| #define STDC_HEADERS 1
| #define HAVE_SYS_TYPES_H 1
| #define HAVE_SYS_STAT_H 1
| #define HAVE_STDLIB_H 1
| #define HAVE_STRING_H 1
| #define HAVE_MEMORY_H 1
| #define HAVE_STRINGS_H 1
| #define HAVE_INTTYPES_H 1
| #define HAVE_STDINT_H 1
| #define HAVE_UNISTD_H 1
| #define HAVE_DLFCN_H 1
| #define LT_OBJDIR ".libs/"
| #define HAVE_STDDEF_H 1
| #define HAVE_STDINT_H 1
| #define HAVE_STDLIB_H 1
| #define HAVE_STRING_H 1
| #define HAVE_SYS_TIME_H 1
| #define HAVE_UNISTD_H 1
| #define HAVE_UNSIGNED_LONG_LONG_INT 1
| #define HAVE_LONG_LONG_INT 1
| #define HAVE_FORK 1
| #define HAVE_VFORK 1
| #define HAVE_WORKING_VFORK 1
| #define HAVE_WORKING_FORK 1
| #define HAVE_GETTIMEOFDAY 1
| #define HAVE_MEMSET 1
| #define HAVE_STRSTR 1
| /* end confdefs.h.  */
| 
| int
| main ()
| {
| 
|   ;
|   return 0;
| }
configure:19005: result: no
configure:19163: checking for the availability of gmock via the GMOCK_HOME variable
configure:19361: checking that generated files are newer than configure
configure:19367: result: done
configure:19410: creating ./config.status

## ---------------------- ##
## Running config.status. ##
## ---------------------- ##

This file was extended by CppUTest config.status 3.8, which was
generated by GNU Autoconf 2.69.  Invocation command line was

  CONFIG_FILES    = 
  CONFIG_HEADERS  = 
  CONFIG_LINKS    = 
  CONFIG_COMMANDS = 
  $ ./config.status 

on DESKTOP-VQOSRN0

config.status:1215: creating cpputest.pc
config.status:1215: creating Makefile
config.status:1215: creating config.h
config.status:1381: config.h is unchanged
config.status:1429: executing generated/CppUTestGeneratedConfig.h commands
config.status:1467: creating generated/CppUTestGeneratedConfig.h - prefix CPPUTEST for config.h defines
config.status:1489: generated/CppUTestGeneratedConfig.h is unchanged
config.status:1429: executing depfiles commands
config.status:1429: executing libtool commands

## ---------------- ##
## Cache variables. ##
## ---------------- ##

ac_cv_build=x86_64-unknown-cygwin
ac_cv_c_compiler_gnu=yes
ac_cv_c_inline=inline
ac_cv_c_int16_t=yes
ac_cv_c_int32_t=yes
ac_cv_c_int64_t=yes
ac_cv_c_int8_t=yes
ac_cv_c_uint16_t=yes
ac_cv_c_uint32_t=yes
ac_cv_c_uint64_t=yes
ac_cv_c_uint8_t=yes
ac_cv_cxx_compiler_gnu=yes
ac_cv_env_CCC_set=
ac_cv_env_CCC_value=
ac_cv_env_CC_set=
ac_cv_env_CC_value=
ac_cv_env_CFLAGS_set=
ac_cv_env_CFLAGS_value=
ac_cv_env_CPPFLAGS_set=
ac_cv_env_CPPFLAGS_value=
ac_cv_env_CPP_set=
ac_cv_env_CPP_value=
ac_cv_env_CXXCPP_set=
ac_cv_env_CXXCPP_value=
ac_cv_env_CXXFLAGS_set=
ac_cv_env_CXXFLAGS_value=
ac_cv_env_CXX_set=
ac_cv_env_CXX_value=
ac_cv_env_GMOCK_HOME_set=
ac_cv_env_GMOCK_HOME_value=
ac_cv_env_LDFLAGS_set=
ac_cv_env_LDFLAGS_value=
ac_cv_env_LIBS_set=
ac_cv_env_LIBS_value=
ac_cv_env_LT_SYS_LIBRARY_PATH_set=
ac_cv_env_LT_SYS_LIBRARY_PATH_value=
ac_cv_env_build_alias_set=
ac_cv_env_build_alias_value=
ac_cv_env_host_alias_set=
ac_cv_env_host_alias_value=
ac_cv_env_target_alias_set=
ac_cv_env_target_alias_value=
ac_cv_exeext=.exe
ac_cv_func_fork=yes
ac_cv_func_fork_works=yes
ac_cv_func_gettimeofday=yes
ac_cv_func_memset=yes
ac_cv_func_strstr=yes
ac_cv_func_vfork=yes
ac_cv_func_vfork_works=yes
ac_cv_header_dlfcn_h=yes
ac_cv_header_inttypes_h=yes
ac_cv_header_memory_h=yes
ac_cv_header_stdc=yes
ac_cv_header_stddef_h=yes
ac_cv_header_stdint_h=yes
ac_cv_header_stdlib_h=yes
ac_cv_header_string_h=yes
ac_cv_header_strings_h=yes
ac_cv_header_sys_stat_h=yes
ac_cv_header_sys_time_h=yes
ac_cv_header_sys_types_h=yes
ac_cv_header_unistd_h=yes
ac_cv_header_vfork_h=no
ac_cv_host=x86_64-unknown-cygwin
ac_cv_objext=o
ac_cv_path_EGREP='/usr/bin/grep -E'
ac_cv_path_FGREP='/usr/bin/grep -F'
ac_cv_path_GREP=/usr/bin/grep
ac_cv_path_SED=/usr/bin/sed
ac_cv_path_install='/usr/bin/install -c'
ac_cv_path_lt_DD=/usr/bin/dd
ac_cv_path_mkdir=/usr/bin/mkdir
ac_cv_prog_AWK=gawk
ac_cv_prog_CPP='gcc -E'
ac_cv_prog_CPPUTEST_HAS_CLANG=yes
ac_cv_prog_CPPUTEST_HAS_DASH=yes
ac_cv_prog_CPPUTEST_HAS_GCC=yes
ac_cv_prog_CPPUTEST_HAS_LCOV=no
ac_cv_prog_CPPUTEST_HAS_VALGRIND=no
ac_cv_prog_CXXCPP='g++ -E'
ac_cv_prog_ac_ct_AR=ar
ac_cv_prog_ac_ct_CC=gcc
ac_cv_prog_ac_ct_CXX=g++
ac_cv_prog_ac_ct_DLLTOOL=dlltool
ac_cv_prog_ac_ct_OBJDUMP=objdump
ac_cv_prog_ac_ct_RANLIB=ranlib
ac_cv_prog_ac_ct_STRIP=strip
ac_cv_prog_cc_c89=
ac_cv_prog_cc_g=yes
ac_cv_prog_cxx_g=yes
ac_cv_prog_make_make_set=yes
ac_cv_type_long_long_int=yes
ac_cv_type_pid_t=yes
ac_cv_type_size_t=yes
ac_cv_type_unsigned_long_long_int=yes
am_cv_CC_dependencies_compiler_type=gcc3
am_cv_CXX_dependencies_compiler_type=gcc3
am_cv_make_support_nested_variables=yes
am_cv_prog_cc_c_o=yes
lt_cv_ar_at_file=@
lt_cv_archive_cmds_need_lc=yes
lt_cv_deplibs_check_method='file_magic ^x86 archive import|^x86 DLL'
lt_cv_dlopen=dlopen
lt_cv_dlopen_libs=
lt_cv_dlopen_self=yes
lt_cv_dlopen_self_static=yes
lt_cv_file_magic_cmd=func_win32_libid
lt_cv_file_magic_test_file=
lt_cv_ld_reload_flag=-r
lt_cv_nm_interface='BSD nm'
lt_cv_objdir=.libs
lt_cv_path_LD=/usr/x86_64-pc-cygwin/bin/ld.exe
lt_cv_path_LDCXX=/usr/x86_64-pc-cygwin/bin/ld.exe
lt_cv_path_NM='/usr/bin/nm -B'
lt_cv_path_mainfest_tool=no
lt_cv_prog_compiler_c_o=yes
lt_cv_prog_compiler_c_o_CXX=yes
lt_cv_prog_compiler_pic='-DDLL_EXPORT -DPIC'
lt_cv_prog_compiler_pic_CXX='-DDLL_EXPORT -DPIC'
lt_cv_prog_compiler_pic_works=yes
lt_cv_prog_compiler_pic_works_CXX=yes
lt_cv_prog_compiler_rtti_exceptions=no
lt_cv_prog_compiler_static_works=yes
lt_cv_prog_compiler_static_works_CXX=yes
lt_cv_prog_gnu_ld=yes
lt_cv_prog_gnu_ldcxx=yes
lt_cv_sharedlib_from_linklib_cmd=func_cygming_dll_for_implib
lt_cv_sys_global_symbol_pipe='sed -n -e '\''s/^.*[	 ]\([ABCDGIRSTW][ABCDGIRSTW]*\)[	 ][	 ]*\([_A-Za-z][_A-Za-z0-9]*\)$/\1 \2 \2/p'\'' | sed '\''/ __gnu_lto/d'\'''
lt_cv_sys_global_symbol_to_c_name_address='sed -n -e '\''s/^: \(.*\) .*$/  {"\1", (void *) 0},/p'\'' -e '\''s/^[ABCDGIRSTW][ABCDGIRSTW]* .* \(.*\)$/  {"\1", (void *) \&\1},/p'\'''
lt_cv_sys_global_symbol_to_c_name_address_lib_prefix='sed -n -e '\''s/^: \(.*\) .*$/  {"\1", (void *) 0},/p'\'' -e '\''s/^[ABCDGIRSTW][ABCDGIRSTW]* .* \(lib.*\)$/  {"\1", (void *) \&\1},/p'\'' -e '\''s/^[ABCDGIRSTW][ABCDGIRSTW]* .* \(.*\)$/  {"lib\1", (void *) \&\1},/p'\'''
lt_cv_sys_global_symbol_to_cdecl='sed -n -e '\''s/^T .* \(.*\)$/extern int \1();/p'\'' -e '\''s/^[ABCDGIRSTW][ABCDGIRSTW]* .* \(.*\)$/extern char \1;/p'\'''
lt_cv_sys_global_symbol_to_import=
lt_cv_sys_max_cmd_len=8192
lt_cv_to_host_file_cmd=func_convert_file_noop
lt_cv_to_tool_file_cmd=func_convert_file_noop
lt_cv_truncate_bin='/usr/bin/dd bs=4096 count=1'

## ----------------- ##
## Output variables. ##
## ----------------- ##

ACLOCAL='${SHELL} /cygdrive/e/projects/code_in_embeded_tdd_c/initial_setUP/CppUTest/missing aclocal-1.15'
ALL_FILES_IN_GIT=''
AMDEPBACKSLASH='\'
AMDEP_FALSE='#'
AMDEP_TRUE=''
AMTAR='$${TAR-tar}'
AM_BACKSLASH='\'
AM_DEFAULT_V='$(AM_DEFAULT_VERBOSITY)'
AM_DEFAULT_VERBOSITY='1'
AM_V='$(V)'
AR='ar'
AUTOCONF='${SHELL} /cygdrive/e/projects/code_in_embeded_tdd_c/initial_setUP/CppUTest/missing autoconf'
AUTOHEADER='${SHELL} /cygdrive/e/projects/code_in_embeded_tdd_c/initial_setUP/CppUTest/missing autoheader'
AUTOMAKE='${SHELL} /cygdrive/e/projects/code_in_embeded_tdd_c/initial_setUP/CppUTest/missing automake-1.15'
AWK='gawk'
CC='gcc'
CCDEPMODE='depmode=gcc3'
CFLAGS='-g -O2'
CPP='gcc -E'
CPPFLAGS=''
CPPUTEST_ADDITIONAL_CFLAGS=''
CPPUTEST_ADDITIONAL_CPPFLAGS=''
CPPUTEST_ADDITIONAL_CXXFLAGS=''
CPPUTEST_CFLAGS='  -Wno-c++11-long-long -Wno-long-long -Wall -Wextra -Wshadow -Wswitch-default -Wswitch-enum -Wconversion -pedantic -Wsign-conversion -Wno-disabled-macro-expansion -Wno-padded -Wno-reserved-id-macro -Wno-keyword-macro '
CPPUTEST_CPPFLAGS=' -include ../include/CppUTest/MemoryLeakDetectorMallocMacros.h -I ../include '
CPPUTEST_CXXFLAGS=' -include ../include/CppUTest/MemoryLeakDetectorNewMacros.h  -Wno-c++11-long-long -Wno-long-long -Wall -Wextra -Wshadow -Wswitch-default -Wswitch-enum -Wconversion -pedantic -Wsign-conversion -Woverloaded-virtual -Wno-disabled-macro-expansion -Wno-padded -Wno-reserved-id-macro -Wno-keyword-macro -Wno-global-constructors -Wno-exit-time-destructors -Wno-weak-vtables -Wno-old-style-cast '
CPPUTEST_HAS_CLANG='yes'
CPPUTEST_HAS_DASH='yes'
CPPUTEST_HAS_GCC='yes'
CPPUTEST_HAS_LCOV='no'
CPPUTEST_HAS_VALGRIND='no'
CPPUTEST_LDADD=''
CPPUTEST_LDFLAGS=''
CPPUTEST_ON_MACOSX=''
CPP_PLATFORM='Gcc'
CXX='g++'
CXXCPP='g++ -E'
CXXDEPMODE='depmode=gcc3'
CXXFLAGS='-g -O2'
CYGPATH_W='cygpath -w'
DEFS='-DHAVE_CONFIG_H'
DEPDIR='.deps'
DLLTOOL='dlltool'
DSYMUTIL=''
DUMPBIN=''
ECHO_C=''
ECHO_N='-n'
ECHO_T=''
EGREP='/usr/bin/grep -E'
EXEEXT='.exe'
FGREP='/usr/bin/grep -F'
GMOCK_HOME=''
GREP='/usr/bin/grep'
INCLUDE_CPPUTEST_EXT=''
INCLUDE_CPPUTEST_EXT_FALSE='#'
INCLUDE_CPPUTEST_EXT_TRUE=''
INCLUDE_GMOCKTESTS_FALSE=''
INCLUDE_GMOCKTESTS_TRUE='#'
INSTALL_DATA='${INSTALL} -m 644'
INSTALL_PROGRAM='${INSTALL}'
INSTALL_SCRIPT='${INSTALL}'
INSTALL_STRIP_PROGRAM='$(install_sh) -c -s'
LD='/usr/x86_64-pc-cygwin/bin/ld.exe'
LDFLAGS=''
LIBOBJS=''
LIBS='   -lpthread'
LIBTOOL='$(SHELL) $(top_builddir)/libtool'
LIPO=''
LN_S='ln -s'
LTLIBOBJS=''
LT_SYS_LIBRARY_PATH=''
MAKEINFO='${SHELL} /cygdrive/e/projects/code_in_embeded_tdd_c/initial_setUP/CppUTest/missing makeinfo'
MANIFEST_TOOL=':'
MKDIR_P='/usr/bin/mkdir -p'
MOSTLYCLEANFILES=''
NM='/usr/bin/nm -B'
NMEDIT=''
OBJDUMP='objdump'
OBJEXT='o'
OTOOL64=''
OTOOL=''
PACKAGE='cpputest'
PACKAGE_BUGREPORT='https://github.com/cpputest/cpputest'
PACKAGE_NAME='CppUTest'
PACKAGE_STRING='CppUTest 3.8'
PACKAGE_TARNAME='cpputest'
PACKAGE_URL=''
PACKAGE_VERSION='3.8'
PATH_SEPARATOR=':'
PTHREAD_CC='gcc'
PTHREAD_CFLAGS=''
PTHREAD_LIBS=''
RANLIB='ranlib'
SED='/usr/bin/sed'
SET_MAKE=''
SHELL='/bin/sh'
STRIP='strip'
TEST_COMPILER_IS_CLANG_FALSE=''
TEST_COMPILER_IS_CLANG_TRUE='#'
VERSION='3.8'
ac_ct_AR='ar'
ac_ct_CC='gcc'
ac_ct_CXX='g++'
ac_ct_DUMPBIN=''
acx_pthread_config=''
am__EXEEXT_FALSE='#'
am__EXEEXT_TRUE=''
am__fastdepCC_FALSE='#'
am__fastdepCC_TRUE=''
am__fastdepCXX_FALSE='#'
am__fastdepCXX_TRUE=''
am__include='include'
am__isrc=' -I$(srcdir)'
am__leading_dot='.'
am__nodep='_no'
am__quote=''
am__tar='$${TAR-tar} chof - "$$tardir"'
am__untar='$${TAR-tar} xf -'
bindir='${exec_prefix}/bin'
build='x86_64-unknown-cygwin'
build_alias=''
build_cpu='x86_64'
build_os='cygwin'
build_vendor='unknown'
datadir='${datarootdir}'
datarootdir='${prefix}/share'
docdir='${datarootdir}/doc/${PACKAGE_TARNAME}'
dvidir='${docdir}'
exec_prefix='${prefix}'
host='x86_64-unknown-cygwin'
host_alias=''
host_cpu='x86_64'
host_os='cygwin'
host_vendor='unknown'
htmldir='${docdir}'
includedir='${prefix}/include'
infodir='${datarootdir}/info'
install_sh='${SHELL} /cygdrive/e/projects/code_in_embeded_tdd_c/initial_setUP/CppUTest/install-sh'
libdir='${exec_prefix}/lib'
libexecdir='${exec_prefix}/libexec'
localedir='${datarootdir}/locale'
localstatedir='${prefix}/var'
mandir='${datarootdir}/man'
mkdir_p='$(MKDIR_P)'
oldincludedir='/usr/include'
pdfdir='${docdir}'
prefix='/usr/local'
program_transform_name='s,x,x,'
psdir='${docdir}'
sbindir='${exec_prefix}/sbin'
sharedstatedir='${prefix}/com'
sysconfdir='${prefix}/etc'
target_alias=''

## ----------- ##
## confdefs.h. ##
## ----------- ##

/* confdefs.h */
#define PACKAGE_NAME "CppUTest"
#define PACKAGE_TARNAME "cpputest"
#define PACKAGE_VERSION "3.8"
#define PACKAGE_STRING "CppUTest 3.8"
#define PACKAGE_BUGREPORT "https://github.com/cpputest/cpputest"
#define PACKAGE_URL ""
#define PACKAGE "cpputest"
#define VERSION "3.8"
#define STDC_HEADERS 1
#define HAVE_SYS_TYPES_H 1
#define HAVE_SYS_STAT_H 1
#define HAVE_STDLIB_H 1
#define HAVE_STRING_H 1
#define HAVE_MEMORY_H 1
#define HAVE_STRINGS_H 1
#define HAVE_INTTYPES_H 1
#define HAVE_STDINT_H 1
#define HAVE_UNISTD_H 1
#define HAVE_DLFCN_H 1
#define LT_OBJDIR ".libs/"
#define HAVE_STDDEF_H 1
#define HAVE_STDINT_H 1
#define HAVE_STDLIB_H 1
#define HAVE_STRING_H 1
#define HAVE_SYS_TIME_H 1
#define HAVE_UNISTD_H 1
#define HAVE_UNSIGNED_LONG_LONG_INT 1
#define HAVE_LONG_LONG_INT 1
#define HAVE_FORK 1
#define HAVE_VFORK 1
#define HAVE_WORKING_VFORK 1
#define HAVE_WORKING_FORK 1
#define HAVE_GETTIMEOFDAY 1
#define HAVE_MEMSET 1
#define HAVE_STRSTR 1

configure: exit 0
